         ps       /tb_full_adder/Button1                            
          delta        /tb_full_adder/Button2                       
                            /tb_full_adder/Button3                  
                                    /tb_full_adder/Led1             
                                         /tb_full_adder/Led2        
          0  +0                     1'hx 1'hx 1'hx 1'hx 1'hx 
          0  +1                     1'h0 1'h0 1'h0 1'hx 1'hx 
          0  +2                     1'h0 1'h0 1'h0 1'h0 1'h0 
      20000  +0                     1'h0 1'h1 1'h0 1'h0 1'h0 
      20000  +1                     1'h0 1'h1 1'h0 1'h1 1'h0 
      30000  +0                     1'h0 1'h1 1'h1 1'h1 1'h0 
      30000  +1                     1'h0 1'h1 1'h1 1'h0 1'h1 
      40000  +0                     1'h1 1'h1 1'h1 1'h0 1'h1 
      40000  +1                     1'h1 1'h1 1'h1 1'h1 1'h1 
      80000  +0                     1'h1 1'h0 1'h1 1'h1 1'h1 
      80000  +1                     1'h1 1'h0 1'h1 1'h0 1'h1 
     160000  +0                     1'h0 1'h0 1'h1 1'h0 1'h1 
     160000  +1                     1'h0 1'h0 1'h1 1'h1 1'h0 
     170000  +0                     1'h0 1'h1 1'h1 1'h1 1'h0 
     170000  +1                     1'h0 1'h1 1'h1 1'h0 1'h1 
     180000  +0                     1'h0 1'h1 1'h0 1'h0 1'h1 
     180000  +1                     1'h0 1'h1 1'h0 1'h1 1'h0 
     190000  +0                     1'h1 1'h1 1'h0 1'h1 1'h0 
     190000  +1                     1'h1 1'h1 1'h0 1'h0 1'h1 
     230000  +0                     1'h1 1'h0 1'h0 1'h0 1'h1 
     230000  +1                     1'h1 1'h0 1'h0 1'h1 1'h0 
     250000  +0                     1'h0 1'h0 1'h0 1'h1 1'h0 
     250000  +1                     1'h0 1'h0 1'h0 1'h0 1'h0 
     260000  +0                     1'h0 1'h1 1'h0 1'h0 1'h0 
     260000  +1                     1'h0 1'h1 1'h0 1'h1 1'h0 
     280000  +0                     1'h1 1'h1 1'h0 1'h1 1'h0 
     280000  +1                     1'h1 1'h1 1'h0 1'h0 1'h1 
     300000  +0                     1'h1 1'h1 1'h1 1'h0 1'h1 
     300000  +1                     1'h1 1'h1 1'h1 1'h1 1'h1 
     320000  +0                     1'h1 1'h0 1'h1 1'h1 1'h1 
     320000  +1                     1'h1 1'h0 1'h1 1'h0 1'h1 
     330000  +0                     1'h1 1'h0 1'h0 1'h0 1'h1 
     330000  +1                     1'h1 1'h0 1'h0 1'h1 1'h0 
     340000  +0                     1'h0 1'h0 1'h0 1'h1 1'h0 
     340000  +1                     1'h0 1'h0 1'h0 1'h0 1'h0 
     360000  +0                     1'h0 1'h0 1'h1 1'h0 1'h0 
     360000  +1                     1'h0 1'h0 1'h1 1'h1 1'h0 
     380000  +0                     1'h0 1'h1 1'h1 1'h1 1'h0 
     380000  +1                     1'h0 1'h1 1'h1 1'h0 1'h1 
     400000  +0                     1'h1 1'h1 1'h1 1'h0 1'h1 
     400000  +1                     1'h1 1'h1 1'h1 1'h1 1'h1 
     430000  +0                     1'h0 1'h1 1'h1 1'h1 1'h1 
     430000  +1                     1'h0 1'h1 1'h1 1'h0 1'h1 
     440000  +0                     1'h0 1'h0 1'h1 1'h0 1'h1 
     440000  +1                     1'h0 1'h0 1'h1 1'h1 1'h0 
     460000  +0                     1'h1 1'h0 1'h1 1'h1 1'h0 
     460000  +1                     1'h1 1'h0 1'h1 1'h0 1'h1 
     470000  +0                     1'h1 1'h1 1'h1 1'h0 1'h1 
     470000  +1                     1'h1 1'h1 1'h1 1'h1 1'h1 
     480000  +0                     1'h1 1'h1 1'h0 1'h1 1'h1 
     480000  +1                     1'h1 1'h1 1'h0 1'h0 1'h1 
     490000  +0                     1'h0 1'h1 1'h0 1'h0 1'h1 
     490000  +1                     1'h0 1'h1 1'h0 1'h1 1'h0 
     500000  +0                     1'h0 1'h0 1'h0 1'h1 1'h0 
     500000  +1                     1'h0 1'h0 1'h0 1'h0 1'h0 
     530000  +0                     1'h0 1'h1 1'h0 1'h0 1'h0 
     530000  +1                     1'h0 1'h1 1'h0 1'h1 1'h0 
     570000  +0                     1'h0 1'h1 1'h1 1'h1 1'h0 
     570000  +1                     1'h0 1'h1 1'h1 1'h0 1'h1 
     590000  +0                     1'h0 1'h0 1'h1 1'h0 1'h1 
     590000  +1                     1'h0 1'h0 1'h1 1'h1 1'h0 
     600000  +0                     1'h0 1'h0 1'h0 1'h1 1'h0 
     600000  +1                     1'h0 1'h0 1'h0 1'h0 1'h0 
     630000  +0                     1'h0 1'h0 1'h1 1'h0 1'h0 
     630000  +1                     1'h0 1'h0 1'h1 1'h1 1'h0 
     640000  +0                     1'h1 1'h0 1'h1 1'h1 1'h0 
     640000  +1                     1'h1 1'h0 1'h1 1'h0 1'h1 
     650000  +0                     1'h1 1'h1 1'h1 1'h0 1'h1 
     650000  +1                     1'h1 1'h1 1'h1 1'h1 1'h1 
     680000  +0                     1'h1 1'h0 1'h1 1'h1 1'h1 
     680000  +1                     1'h1 1'h0 1'h1 1'h0 1'h1 
     690000  +0                     1'h1 1'h0 1'h0 1'h0 1'h1 
     690000  +1                     1'h1 1'h0 1'h0 1'h1 1'h0 
     710000  +0                     1'h1 1'h1 1'h0 1'h1 1'h0 
     710000  +1                     1'h1 1'h1 1'h0 1'h0 1'h1 
     720000  +0                     1'h1 1'h1 1'h1 1'h0 1'h1 
     720000  +1                     1'h1 1'h1 1'h1 1'h1 1'h1 
     730000  +0                     1'h0 1'h1 1'h1 1'h1 1'h1 
     730000  +1                     1'h0 1'h1 1'h1 1'h0 1'h1 
     740000  +0                     1'h0 1'h0 1'h1 1'h0 1'h1 
     740000  +1                     1'h0 1'h0 1'h1 1'h1 1'h0 
     760000  +0                     1'h1 1'h0 1'h1 1'h1 1'h0 
     760000  +1                     1'h1 1'h0 1'h1 1'h0 1'h1 
     830000  +0                     1'h1 1'h1 1'h1 1'h0 1'h1 
     830000  +1                     1'h1 1'h1 1'h1 1'h1 1'h1 
     840000  +0                     1'h1 1'h1 1'h0 1'h1 1'h1 
     840000  +1                     1'h1 1'h1 1'h0 1'h0 1'h1 
     880000  +0                     1'h0 1'h1 1'h0 1'h0 1'h1 
     880000  +1                     1'h0 1'h1 1'h0 1'h1 1'h0 
     890000  +0                     1'h0 1'h0 1'h0 1'h1 1'h0 
     890000  +1                     1'h0 1'h0 1'h0 1'h0 1'h0 
     910000  +0                     1'h1 1'h0 1'h0 1'h0 1'h0 
     910000  +1                     1'h1 1'h0 1'h0 1'h1 1'h0 
     920000  +0                     1'h1 1'h1 1'h0 1'h1 1'h0 
     920000  +1                     1'h1 1'h1 1'h0 1'h0 1'h1 
     940000  +0                     1'h0 1'h1 1'h0 1'h0 1'h1 
     940000  +1                     1'h0 1'h1 1'h0 1'h1 1'h0 
     960000  +0                     1'h0 1'h1 1'h1 1'h1 1'h0 
     960000  +1                     1'h0 1'h1 1'h1 1'h0 1'h1 
     970000  +0                     1'h1 1'h1 1'h1 1'h0 1'h1 
     970000  +1                     1'h1 1'h1 1'h1 1'h1 1'h1 
    1000000  +0                     1'h0 1'h1 1'h1 1'h1 1'h1 
    1000000  +1                     1'h0 1'h1 1'h1 1'h0 1'h1 
